build/app/outputs/mapping/release/mapping.txt
# compiler: R8
# compiler_version: 1.5.69
# min_api: 16
# pg_map_id: 4b42b5b
...
io.flutter.plugin.common.MethodChannel$IncomingMethodCallHandler$1 -> b.a.b.a.k$a$a:
    io.flutter.plugin.common.BinaryMessenger$BinaryReply val$reply -> a
    io.flutter.plugin.common.MethodChannel$IncomingMethodCallHandler this$1 -> b
    void error(java.lang.String,java.lang.String,java.lang.Object) -> a
    void notImplemented() -> a
    void success(java.lang.Object) -> a
io.flutter.plugin.common.MethodChannel$IncomingResultHandler -> b.a.b.a.k$b:
    io.flutter.plugin.common.MethodChannel$Result callback -> a
    io.flutter.plugin.common.MethodChannel this$0 -> b
    void reply(java.nio.ByteBuffer) -> a
io.flutter.plugin.common.MethodChannel$MethodCallHandler -> b.a.b.a.k$c:
    void onMethodCall(io.flutter.plugin.common.MethodCall,io.flutter.plugin.common.MethodChannel$Result) -> a
io.flutter.plugin.common.MethodChannel$Result -> b.a.b.a.k$d:
    void error(java.lang.String,java.lang.String,java.lang.Object) -> a
    void notImplemented() -> a
    void success(java.lang.Object) -> a
io.flutter.plugin.common.MethodCodec -> b.a.b.a.l:
    io.flutter.plugin.common.MethodCall decodeMethodCall(java.nio.ByteBuffer) -> a
    java.nio.ByteBuffer encodeErrorEnvelope(java.lang.String,java.lang.String,java.lang.Object) -> a
    java.nio.ByteBuffer encodeMethodCall(io.flutter.plugin.common.MethodCall) -> a
    java.nio.ByteBuffer encodeSuccessEnvelope(java.lang.Object) -> a
    java.lang.Object decodeEnvelope(java.nio.ByteBuffer) -> b
io.flutter.plugin.common.PluginRegistry -> b.a.b.a.m:
    boolean hasPlugin(java.lang.String) -> a
    io.flutter.plugin.common.PluginRegistry$Registrar registrarFor(java.lang.String) -> b
io.flutter.plugin.common.PluginRegistry$ActivityResultListener -> b.a.b.a.m$a:
    boolean onActivityResult(int,int,android.content.Intent) -> a
io.flutter.plugin.common.PluginRegistry$NewIntentListener -> b.a.b.a.m$b:
io.flutter.plugin.common.PluginRegistry$Registrar -> b.a.b.a.m$c:
    io.flutter.plugin.common.BinaryMessenger messenger() -> a
    android.content.Context context() -> b
io.flutter.plugin.common.PluginRegistry$RequestPermissionsResultListener -> b.a.b.a.m$d:
    boolean onRequestPermissionsResult(int,java.lang.String[],int[]) -> a
io.flutter.plugin.common.PluginRegistry$UserLeaveHintListener -> b.a.b.a.m$e:
io.flutter.plugin.common.PluginRegistry$ViewDestroyListener -> b.a.b.a.m$f:
    boolean onViewDestroy(io.flutter.view.FlutterNativeView) -> a
io.flutter.plugin.common.StandardMessageCodec -> b.a.b.a.n:
    java.nio.charset.Charset UTF8 -> c
    io.flutter.plugin.common.StandardMessageCodec INSTANCE -> a
    boolean LITTLE_ENDIAN -> b
    java.lang.Object decodeMessage(java.nio.ByteBuffer) -> a
    java.nio.ByteBuffer encodeMessage(java.lang.Object) -> a
    void readAlignment(java.nio.ByteBuffer,int) -> a
    java.lang.Object readValueOfType(byte,java.nio.ByteBuffer) -> a
    void writeAlignment(java.io.ByteArrayOutputStream,int) -> a
    void writeBytes(java.io.ByteArrayOutputStream,byte[]) -> a
    void writeDouble(java.io.ByteArrayOutputStream,double) -> a
    void writeLong(java.io.ByteArrayOutputStream,long) -> a
    void writeValue(java.io.ByteArrayOutputStream,java.lang.Object) -> a
    java.lang.Object readValue(java.nio.ByteBuffer) -> b
    void writeChar(java.io.ByteArrayOutputStream,int) -> b
    byte[] readBytes(java.nio.ByteBuffer) -> c
    void writeInt(java.io.ByteArrayOutputStream,int) -> c
    int readSize(java.nio.ByteBuffer) -> d
    void writeSize(java.io.ByteArrayOutputStream,int) -> d
io.flutter.plugin.common.StandardMessageCodec$ExposedByteArrayOutputStream -> b.a.b.a.n$a:
    byte[] buffer() -> a